<?xml version="1.0" encoding="UTF-8"?>
<testng-results ignored="0" total="1" passed="1" failed="0" skipped="0">
  <reporter-output>
  </reporter-output>
  <suite started-at="2023-10-08T09:51:32 IST" name="Default suite" finished-at="2023-10-08T09:52:19 IST" duration-ms="46587">
    <groups>
    </groups>
    <test started-at="2023-10-08T09:51:32 IST" name="Default test" finished-at="2023-10-08T09:52:19 IST" duration-ms="46587">
      <class name="com.testcases.Stock_Move_Test">
        <test-method is-config="true" signature="setup()[pri:0, instance:com.testcases.Stock_Move_Test@78e4deb0]" started-at="2023-10-08T09:51:33 IST" name="setup" finished-at="2023-10-08T09:51:38 IST" duration-ms="5228" status="PASS">
          <reporter-output>
          </reporter-output>
        </test-method> <!-- setup -->
        <test-method signature="loginvalidation()[pri:0, instance:com.testcases.Stock_Move_Test@78e4deb0]" started-at="2023-10-08T09:51:38 IST" name="loginvalidation" finished-at="2023-10-08T09:52:19 IST" duration-ms="41304" status="PASS">
          <reporter-output>
          </reporter-output>
        </test-method> <!-- loginvalidation -->
        <test-method is-config="true" signature="teardown()[pri:0, instance:com.testcases.Stock_Move_Test@78e4deb0]" started-at="2023-10-08T09:52:19 IST" name="teardown" finished-at="2023-10-08T09:52:19 IST" duration-ms="0" status="PASS">
          <reporter-output>
          </reporter-output>
        </test-method> <!-- teardown -->
      </class> <!-- com.testcases.Stock_Move_Test -->
    </test> <!-- Default test -->
  </suite> <!-- Default suite -->
</testng-results>
