<?xml version="1.0" encoding="UTF-8"?>
<testng-results ignored="0" total="1" passed="1" failed="0" skipped="0">
  <reporter-output>
  </reporter-output>
  <suite started-at="2023-10-09T13:15:28 IST" name="Default suite" finished-at="2023-10-09T13:16:04 IST" duration-ms="35745">
    <groups>
    </groups>
    <test started-at="2023-10-09T13:15:28 IST" name="Default test" finished-at="2023-10-09T13:16:04 IST" duration-ms="35745">
      <class name="com.testcases.Customer_Test01">
        <test-method is-config="true" signature="setup()[pri:0, instance:com.testcases.Customer_Test01@76b1e9b8]" started-at="2023-10-09T13:15:28 IST" name="setup" finished-at="2023-10-09T13:15:35 IST" duration-ms="6186" status="PASS">
          <reporter-output>
          </reporter-output>
        </test-method> <!-- setup -->
        <test-method signature="Customervalidation()[pri:0, instance:com.testcases.Customer_Test01@76b1e9b8]" started-at="2023-10-09T13:15:35 IST" name="Customervalidation" finished-at="2023-10-09T13:16:04 IST" duration-ms="29497" status="PASS">
          <reporter-output>
          </reporter-output>
        </test-method> <!-- Customervalidation -->
        <test-method is-config="true" signature="teardown()[pri:0, instance:com.testcases.Customer_Test01@76b1e9b8]" started-at="2023-10-09T13:16:04 IST" name="teardown" finished-at="2023-10-09T13:16:04 IST" duration-ms="1" status="PASS">
          <reporter-output>
          </reporter-output>
        </test-method> <!-- teardown -->
      </class> <!-- com.testcases.Customer_Test01 -->
    </test> <!-- Default test -->
  </suite> <!-- Default suite -->
</testng-results>
