<?xml version="1.0" encoding="UTF-8"?>
<testng-results ignored="0" total="1" passed="1" failed="0" skipped="0">
  <reporter-output>
  </reporter-output>
  <suite started-at="2023-10-08T15:18:15 IST" name="Default suite" finished-at="2023-10-08T15:18:42 IST" duration-ms="26700">
    <groups>
    </groups>
    <test started-at="2023-10-08T15:18:15 IST" name="Default test" finished-at="2023-10-08T15:18:42 IST" duration-ms="26700">
      <class name="com.testcases.Usertype_Test">
        <test-method is-config="true" signature="setup()[pri:0, instance:com.testcases.Usertype_Test@78e4deb0]" started-at="2023-10-08T15:18:15 IST" name="setup" finished-at="2023-10-08T15:18:19 IST" duration-ms="3887" status="PASS">
          <reporter-output>
          </reporter-output>
        </test-method> <!-- setup -->
        <test-method signature="loginvalidation()[pri:0, instance:com.testcases.Usertype_Test@78e4deb0]" started-at="2023-10-08T15:18:19 IST" name="loginvalidation" finished-at="2023-10-08T15:18:42 IST" duration-ms="22763" status="PASS">
          <reporter-output>
          </reporter-output>
        </test-method> <!-- loginvalidation -->
        <test-method is-config="true" signature="teardown()[pri:0, instance:com.testcases.Usertype_Test@78e4deb0]" started-at="2023-10-08T15:18:42 IST" name="teardown" finished-at="2023-10-08T15:18:42 IST" duration-ms="2" status="PASS">
          <reporter-output>
          </reporter-output>
        </test-method> <!-- teardown -->
      </class> <!-- com.testcases.Usertype_Test -->
    </test> <!-- Default test -->
  </suite> <!-- Default suite -->
</testng-results>
