<?xml version="1.0" encoding="UTF-8"?>
<testng-results ignored="0" total="1" passed="1" failed="0" skipped="0">
  <reporter-output>
  </reporter-output>
  <suite started-at="2023-10-10T12:51:59 IST" name="Default suite" finished-at="2023-10-10T12:52:20 IST" duration-ms="21066">
    <groups>
    </groups>
    <test started-at="2023-10-10T12:51:59 IST" name="Default test" finished-at="2023-10-10T12:52:20 IST" duration-ms="21066">
      <class name="com.testcases.Logout_Functionality_Test">
        <test-method is-config="true" signature="setup()[pri:0, instance:com.testcases.Logout_Functionality_Test@76b1e9b8]" started-at="2023-10-10T12:51:59 IST" name="setup" finished-at="2023-10-10T12:52:07 IST" duration-ms="8737" status="PASS">
          <reporter-output>
          </reporter-output>
        </test-method> <!-- setup -->
        <test-method signature="loginvalidation()[pri:0, instance:com.testcases.Logout_Functionality_Test@76b1e9b8]" started-at="2023-10-10T12:52:07 IST" name="loginvalidation" finished-at="2023-10-10T12:52:20 IST" duration-ms="12253" status="PASS">
          <reporter-output>
          </reporter-output>
        </test-method> <!-- loginvalidation -->
        <test-method is-config="true" signature="teardown()[pri:0, instance:com.testcases.Logout_Functionality_Test@76b1e9b8]" started-at="2023-10-10T12:52:20 IST" name="teardown" finished-at="2023-10-10T12:52:20 IST" duration-ms="3" status="PASS">
          <reporter-output>
          </reporter-output>
        </test-method> <!-- teardown -->
      </class> <!-- com.testcases.Logout_Functionality_Test -->
    </test> <!-- Default test -->
  </suite> <!-- Default suite -->
</testng-results>
